<?xml version="1.0" encoding="UTF-8"?>
<testng-results ignored="0" total="0" passed="0" failed="0" skipped="0">
  <reporter-output>
  </reporter-output>
  <suite started-at="2024-02-27T10:18:12 IST" name="CucumberTestSuite" finished-at="2024-02-27T10:18:12 IST" duration-ms="209">
    <groups>
      <group name="cucumber">
        <method signature="AbstractTestNGCucumberTests.runScenario(io.cucumber.testng.PickleWrapper,io.cucumber.testng.FeatureWrapper)[pri:0, instance:stepDefination.CucumberTestRunner@6c1a5b54]" name="runScenario" class="io.cucumber.testng.AbstractTestNGCucumberTests"/>
      </group> <!-- cucumber -->
    </groups>
    <test started-at="2024-02-27T10:18:12 IST" name="CucumberTest" finished-at="2024-02-27T10:18:12 IST" duration-ms="209">
      <class name="stepDefination.CucumberTestRunner">
        <test-method is-config="true" signature="setUpClass(org.testng.ITestContext)[pri:0, instance:stepDefination.CucumberTestRunner@6c1a5b54]" started-at="2024-02-27T10:18:12 IST" name="setUpClass" finished-at="2024-02-27T10:18:12 IST" duration-ms="180" status="PASS">
          <params>
            <param index="0">
              <value>
                <![CDATA[org.testng.TestRunner@79179359]]>
              </value>
            </param>
          </params>
          <reporter-output>
          </reporter-output>
        </test-method> <!-- setUpClass -->
        <test-method is-config="true" signature="tearDownClass()[pri:0, instance:stepDefination.CucumberTestRunner@6c1a5b54]" started-at="2024-02-27T10:18:12 IST" name="tearDownClass" finished-at="2024-02-27T10:18:12 IST" duration-ms="3" status="PASS">
          <reporter-output>
          </reporter-output>
        </test-method> <!-- tearDownClass -->
      </class> <!-- stepDefination.CucumberTestRunner -->
    </test> <!-- CucumberTest -->
  </suite> <!-- CucumberTestSuite -->
</testng-results>
